<?xml version="1.0" encoding="UTF-8"?>
<TestRun id="2bfc4b8b-603c-412c-97d6-5eca29e0dad3" name="Labuser@ISEC24 2014-05-28 13:05:47" runUser="ISEC24\Labuser" xmlns="http://microsoft.com/schemas/VisualStudio/TeamTest/2010">
  <TestSettings name="Local" id="fa9683e3-193c-446e-9593-b1ee16f9e333">
    <Description>These are default test settings for a local test run.</Description>
    <Deployment enabled="false" runDeploymentRoot="Labuser_ISEC24 2014-05-28 13_05_47">
      <DeploymentItem filename="K:\ConsoleApplicationTestCases\ConsoleApplicationTestCases\bin\Debug\ConsoleApplicationTestCases.exe" />
    </Deployment>
    <Execution>
      <TestTypeSpecific />
      <AgentRule name="Execution Agents">
      </AgentRule>
    </Execution>
  </TestSettings>
  <Times creation="2014-05-28T13:05:47.3099275-05:00" queuing="2014-05-28T13:05:47.5749427-05:00" start="2014-05-28T13:05:47.6059444-05:00" finish="2014-05-28T13:05:47.9189623-05:00" />
  <ResultSummary outcome="Inconclusive">
    <Counters total="3" executed="3" passed="1" error="0" failed="0" timeout="0" aborted="0" inconclusive="2" passedButRunAborted="0" notRunnable="0" notExecuted="0" disconnected="0" warning="0" completed="0" inProgress="0" pending="0" />
  </ResultSummary>
  <TestDefinitions>
    <UnitTest name="shellSortTest" storage="k:\consoleapplicationtestcases\testprojectsorts\bin\debug\testprojectsorts.dll" id="2c86b0a1-5570-e044-102b-5a495b6349c1">
      <Execution id="1151a324-e972-4b22-abe7-332f08a9d4bd" />
      <TestMethod codeBase="K:/ConsoleApplicationTestCases/TestProjectSorts/bin/Debug/TestProjectSorts.DLL" adapterTypeName="Microsoft.VisualStudio.TestTools.TestTypes.Unit.UnitTestAdapter, Microsoft.VisualStudio.QualityTools.Tips.UnitTest.Adapter, Version=10.0.0.0, Culture=neutral, PublicKeyToken=b03f5f7f11d50a3a" className="TestProjectSorts.SortsTest, TestProjectSorts, Version=1.0.0.0, Culture=neutral, PublicKeyToken=null" name="shellSortTest" />
    </UnitTest>
    <UnitTest name="insertionSortTest" storage="k:\consoleapplicationtestcases\testprojectsorts\bin\debug\testprojectsorts.dll" id="8d92e09a-ed05-1192-fa08-50a1b0b3ffba">
      <Execution id="1a9da639-5218-4565-a555-005dfba26b57" />
      <TestMethod codeBase="K:/ConsoleApplicationTestCases/TestProjectSorts/bin/Debug/TestProjectSorts.DLL" adapterTypeName="Microsoft.VisualStudio.TestTools.TestTypes.Unit.UnitTestAdapter, Microsoft.VisualStudio.QualityTools.Tips.UnitTest.Adapter, Version=10.0.0.0, Culture=neutral, PublicKeyToken=b03f5f7f11d50a3a" className="TestProjectSorts.SortsTest, TestProjectSorts, Version=1.0.0.0, Culture=neutral, PublicKeyToken=null" name="insertionSortTest" />
    </UnitTest>
    <UnitTest name="bubbleSortTest" storage="k:\consoleapplicationtestcases\testprojectsorts\bin\debug\testprojectsorts.dll" id="b56b4ec7-9ecc-dff3-2ec9-da8abb18e09f">
      <Execution id="eb492573-4062-449c-98f7-2782b2f4ce30" />
      <TestMethod codeBase="K:/ConsoleApplicationTestCases/TestProjectSorts/bin/Debug/TestProjectSorts.DLL" adapterTypeName="Microsoft.VisualStudio.TestTools.TestTypes.Unit.UnitTestAdapter, Microsoft.VisualStudio.QualityTools.Tips.UnitTest.Adapter, Version=10.0.0.0, Culture=neutral, PublicKeyToken=b03f5f7f11d50a3a" className="TestProjectSorts.SortsTest, TestProjectSorts, Version=1.0.0.0, Culture=neutral, PublicKeyToken=null" name="bubbleSortTest" />
    </UnitTest>
  </TestDefinitions>
  <TestLists>
    <TestList name="Results Not in a List" id="8c84fa94-04c1-424b-9868-57a2d4851a1d" />
    <TestList name="All Loaded Results" id="19431567-8539-422a-85d7-44ee4e166bda" />
  </TestLists>
  <TestEntries>
    <TestEntry testId="2c86b0a1-5570-e044-102b-5a495b6349c1" executionId="1151a324-e972-4b22-abe7-332f08a9d4bd" testListId="8c84fa94-04c1-424b-9868-57a2d4851a1d" />
    <TestEntry testId="8d92e09a-ed05-1192-fa08-50a1b0b3ffba" executionId="1a9da639-5218-4565-a555-005dfba26b57" testListId="8c84fa94-04c1-424b-9868-57a2d4851a1d" />
    <TestEntry testId="b56b4ec7-9ecc-dff3-2ec9-da8abb18e09f" executionId="eb492573-4062-449c-98f7-2782b2f4ce30" testListId="8c84fa94-04c1-424b-9868-57a2d4851a1d" />
  </TestEntries>
  <Results>
    <UnitTestResult executionId="1151a324-e972-4b22-abe7-332f08a9d4bd" testId="2c86b0a1-5570-e044-102b-5a495b6349c1" testName="shellSortTest" computerName="ISEC24" duration="00:00:00.0295336" startTime="2014-05-28T13:05:47.6289457-05:00" endTime="2014-05-28T13:05:47.8649592-05:00" testType="13cdc9d9-ddb5-4fa4-a97d-d965ccfc6d4b" outcome="Inconclusive" testListId="8c84fa94-04c1-424b-9868-57a2d4851a1d" relativeResultsDirectory="1151a324-e972-4b22-abe7-332f08a9d4bd">
      <Output>
        <ErrorInfo>
          <Message>Assert.Inconclusive failed. A method that does not return a value cannot be verified.</Message>
          <StackTrace>   at TestProjectSorts.SortsTest.shellSortTest() in K:\ConsoleApplicationTestCases\TestProjectSorts\SortsTest.cs:line 125
</StackTrace>
        </ErrorInfo>
      </Output>
    </UnitTestResult>
    <UnitTestResult executionId="1a9da639-5218-4565-a555-005dfba26b57" testId="8d92e09a-ed05-1192-fa08-50a1b0b3ffba" testName="insertionSortTest" computerName="ISEC24" duration="00:00:00.0006567" startTime="2014-05-28T13:05:47.8719596-05:00" endTime="2014-05-28T13:05:47.8749598-05:00" testType="13cdc9d9-ddb5-4fa4-a97d-d965ccfc6d4b" outcome="Inconclusive" testListId="8c84fa94-04c1-424b-9868-57a2d4851a1d" relativeResultsDirectory="1a9da639-5218-4565-a555-005dfba26b57">
      <Output>
        <ErrorInfo>
          <Message>Assert.Inconclusive failed. A method that does not return a value cannot be verified.</Message>
          <StackTrace>   at TestProjectSorts.SortsTest.insertionSortTest() in K:\ConsoleApplicationTestCases\TestProjectSorts\SortsTest.cs:line 112
</StackTrace>
        </ErrorInfo>
      </Output>
    </UnitTestResult>
    <UnitTestResult executionId="eb492573-4062-449c-98f7-2782b2f4ce30" testId="b56b4ec7-9ecc-dff3-2ec9-da8abb18e09f" testName="bubbleSortTest" computerName="ISEC24" duration="00:00:00.0005539" startTime="2014-05-28T13:05:47.8879606-05:00" endTime="2014-05-28T13:05:47.8909607-05:00" testType="13cdc9d9-ddb5-4fa4-a97d-d965ccfc6d4b" outcome="Passed" testListId="8c84fa94-04c1-424b-9868-57a2d4851a1d" relativeResultsDirectory="eb492573-4062-449c-98f7-2782b2f4ce30">
    </UnitTestResult>
  </Results>
</TestRun>